<?xml version="1.0" encoding="UTF-8"?>
<!-- Generated by org.testng.reporters.JUnitReportReporter -->
<testsuite hostname="DESKTOP-D2SCAJ1" name="Testing.Testing.Test_ceshiTest" tests="2" failures="0" timestamp="9 Jan 2019 03:38:02 GMT" time="31.628" errors="0">
  <testcase name="testCase" time="16.393" classname="Testing.Testing.Test_ceshiTest"/>
  <testcase name="testCase" time="15.235" classname="Testing.Testing.Test_ceshiTest"/>
</testsuite> <!-- Testing.Testing.Test_ceshiTest -->
