<?xml version="1.0" encoding="UTF-8"?>
<!-- Generated by org.testng.reporters.JUnitReportReporter -->
<testsuite hostname="DESKTOP-D2SCAJ1" name="Testing.aTest" tests="2" failures="0" timestamp="4 Jan 2019 01:08:51 GMT" time="0.010" errors="0">
  <testcase name="testMain" time="0.010" classname="Testing.aTest"/>
  <testcase name="testMain" time="0.000" classname="Testing.aTest"/>
</testsuite> <!-- Testing.aTest -->
