<?xml version="1.0" encoding="UTF-8"?>
<!-- Generated by org.testng.reporters.JUnitReportReporter -->
<testsuite hostname="DESKTOP-D2SCAJ1" name="Testing.bTest" tests="1" failures="0" timestamp="4 Jan 2019 01:55:03 GMT" time="0.000" errors="0">
  <testcase name="testMain" time="0.000" classname="Testing.bTest"/>
</testsuite> <!-- Testing.bTest -->
