<?xml version="1.0" encoding="UTF-8"?>
<!-- Generated by org.testng.reporters.JUnitReportReporter -->
<testsuite hostname="DESKTOP-D2SCAJ1" name="Testing.Testing.Test_1_4_zuoyeTest" tests="4" failures="0" timestamp="7 Jan 2019 07:20:34 GMT" time="0.938" errors="0">
  <testcase name="dmain4" time="0.242" classname="Testing.Testing.Test_1_4_zuoyeTest"/>
  <testcase name="bmain2" time="0.168" classname="Testing.Testing.Test_1_4_zuoyeTest"/>
  <testcase name="amain1" time="0.422" classname="Testing.Testing.Test_1_4_zuoyeTest"/>
  <testcase name="cmain3" time="0.106" classname="Testing.Testing.Test_1_4_zuoyeTest"/>
</testsuite> <!-- Testing.Testing.Test_1_4_zuoyeTest -->
