<?xml version="1.0" encoding="UTF-8"?>
<!-- Generated by org.testng.reporters.JUnitReportReporter -->
<testsuite hostname="DESKTOP-D2SCAJ1" name="Testing.sizeyunsuanTest" tests="2" failures="0" timestamp="4 Jan 2019 01:55:03 GMT" time="0.010" errors="0">
  <testcase name="jian" time="0.000" classname="Testing.sizeyunsuanTest"/>
  <testcase name="jia" time="0.010" classname="Testing.sizeyunsuanTest"/>
</testsuite> <!-- Testing.sizeyunsuanTest -->
